12-10-2018 10:51:37.680 [main] INFO  c.s.m.controller.MovieControllerTest.logStarting - Starting MovieControllerTest on cgi-Latitude-E5440 with PID 10791 (started by cgi in /home/cgi/workspaces/movie)
12-10-2018 10:51:37.696 [main] INFO  c.s.m.controller.MovieControllerTest.logStartupProfileInfo - No active profile set, falling back to default profiles: default
12-10-2018 10:51:39.855 [main] INFO  o.s.b.t.m.w.SpringBootMockServletContext.log - Initializing Spring FrameworkServlet ''
12-10-2018 10:51:39.856 [main] INFO  o.s.t.w.s.TestDispatcherServlet.initServletBean - FrameworkServlet '': initialization started
12-10-2018 10:51:39.870 [main] INFO  o.s.t.w.s.TestDispatcherServlet.initServletBean - FrameworkServlet '': initialization completed in 13 ms
12-10-2018 10:51:39.921 [main] INFO  c.s.m.controller.MovieControllerTest.logStarted - Started MovieControllerTest in 3.36 seconds (JVM running for 5.156)
12-10-2018 10:51:39.971 [main] INFO  o.s.mock.web.MockServletContext.log - Initializing Spring FrameworkServlet ''
12-10-2018 10:51:39.971 [main] INFO  o.s.t.w.s.TestDispatcherServlet.initServletBean - FrameworkServlet '': initialization started
12-10-2018 10:51:39.972 [main] INFO  o.s.t.w.s.TestDispatcherServlet.initServletBean - FrameworkServlet '': initialization completed in 0 ms
12-10-2018 10:58:18.647 [main] INFO  c.s.movie.MovieApplicationTests.logStarting - Starting MovieApplicationTests on cgi-Latitude-E5440 with PID 11071 (started by cgi in /home/cgi/workspaces/movie)
12-10-2018 10:58:18.651 [main] INFO  c.s.movie.MovieApplicationTests.logStartupProfileInfo - No active profile set, falling back to default profiles: default
12-10-2018 10:58:20.997 [main] INFO  org.mongodb.driver.cluster.info - Cluster created with settings {hosts=[localhost:27017], mode=SINGLE, requiredClusterType=UNKNOWN, serverSelectionTimeout='30000 ms', maxWaitQueueSize=500}
12-10-2018 10:58:21.108 [cluster-ClusterId{value='5bc030f42667c32b3fc2b804', description='null'}-localhost:27017] INFO  org.mongodb.driver.connection.info - Opened connection [connectionId{localValue:1, serverValue:21}] to localhost:27017
12-10-2018 10:58:21.120 [cluster-ClusterId{value='5bc030f42667c32b3fc2b804', description='null'}-localhost:27017] INFO  org.mongodb.driver.cluster.info - Monitor thread successfully connected to server with description ServerDescription{address=localhost:27017, type=STANDALONE, state=CONNECTED, ok=true, version=ServerVersion{versionList=[3, 2, 21]}, minWireVersion=0, maxWireVersion=4, maxDocumentSize=16777216, logicalSessionTimeoutMinutes=null, roundTripTimeNanos=5105856}
12-10-2018 10:58:22.128 [main] INFO  s.d.s.w.PropertySourcedRequestMappingHandlerMapping.initHandlerMethods - Mapped URL path [/v2/api-docs] onto method [public org.springframework.http.ResponseEntity<springfox.documentation.spring.web.json.Json> springfox.documentation.swagger2.web.Swagger2Controller.getDocumentation(java.lang.String,javax.servlet.http.HttpServletRequest)]
12-10-2018 10:58:22.919 [main] INFO  o.s.c.s.DefaultLifecycleProcessor.start - Starting beans in phase 2147483647
12-10-2018 10:58:22.920 [main] INFO  s.d.s.w.p.DocumentationPluginsBootstrapper.start - Context refreshed
12-10-2018 10:58:22.955 [main] INFO  s.d.s.w.p.DocumentationPluginsBootstrapper.start - Found 1 custom documentation plugin(s)
12-10-2018 10:58:23.000 [main] INFO  s.d.s.w.s.ApiListingReferenceScanner.scan - Scanning for api listing references
12-10-2018 10:58:23.220 [main] INFO  c.s.movie.MovieApplicationTests.logStarted - Started MovieApplicationTests in 5.416 seconds (JVM running for 7.513)
12-10-2018 10:58:23.366 [main] INFO  c.s.m.controller.MovieControllerTest.logStarting - Starting MovieControllerTest on cgi-Latitude-E5440 with PID 11071 (started by cgi in /home/cgi/workspaces/movie)
12-10-2018 10:58:23.369 [main] INFO  c.s.m.controller.MovieControllerTest.logStartupProfileInfo - No active profile set, falling back to default profiles: default
12-10-2018 10:58:24.290 [main] INFO  o.s.b.t.m.w.SpringBootMockServletContext.log - Initializing Spring FrameworkServlet ''
12-10-2018 10:58:24.291 [main] INFO  o.s.t.w.s.TestDispatcherServlet.initServletBean - FrameworkServlet '': initialization started
12-10-2018 10:58:24.305 [main] INFO  o.s.t.w.s.TestDispatcherServlet.initServletBean - FrameworkServlet '': initialization completed in 13 ms
12-10-2018 10:58:24.326 [main] INFO  c.s.m.controller.MovieControllerTest.logStarted - Started MovieControllerTest in 0.99 seconds (JVM running for 8.62)
12-10-2018 10:58:24.364 [main] INFO  o.s.mock.web.MockServletContext.log - Initializing Spring FrameworkServlet ''
12-10-2018 10:58:24.365 [main] INFO  o.s.t.w.s.TestDispatcherServlet.initServletBean - FrameworkServlet '': initialization started
12-10-2018 10:58:24.365 [main] INFO  o.s.t.w.s.TestDispatcherServlet.initServletBean - FrameworkServlet '': initialization completed in 0 ms
12-10-2018 10:58:24.477 [main] INFO  o.s.mock.web.MockServletContext.log - Initializing Spring FrameworkServlet ''
12-10-2018 10:58:24.477 [main] INFO  o.s.t.w.s.TestDispatcherServlet.initServletBean - FrameworkServlet '': initialization started
12-10-2018 10:58:24.478 [main] INFO  o.s.t.w.s.TestDispatcherServlet.initServletBean - FrameworkServlet '': initialization completed in 0 ms
12-10-2018 10:58:24.614 [main] INFO  o.s.mock.web.MockServletContext.log - Initializing Spring FrameworkServlet ''
12-10-2018 10:58:24.615 [main] INFO  o.s.t.w.s.TestDispatcherServlet.initServletBean - FrameworkServlet '': initialization started
12-10-2018 10:58:24.616 [main] INFO  o.s.t.w.s.TestDispatcherServlet.initServletBean - FrameworkServlet '': initialization completed in 0 ms
12-10-2018 10:58:24.673 [main] INFO  o.s.mock.web.MockServletContext.log - Initializing Spring FrameworkServlet ''
12-10-2018 10:58:24.675 [main] INFO  o.s.t.w.s.TestDispatcherServlet.initServletBean - FrameworkServlet '': initialization started
12-10-2018 10:58:24.676 [main] INFO  o.s.t.w.s.TestDispatcherServlet.initServletBean - FrameworkServlet '': initialization completed in 0 ms
12-10-2018 10:58:24.716 [main] INFO  o.s.mock.web.MockServletContext.log - Initializing Spring FrameworkServlet ''
12-10-2018 10:58:24.717 [main] INFO  o.s.t.w.s.TestDispatcherServlet.initServletBean - FrameworkServlet '': initialization started
12-10-2018 10:58:24.718 [main] INFO  o.s.t.w.s.TestDispatcherServlet.initServletBean - FrameworkServlet '': initialization completed in 0 ms
12-10-2018 10:58:24.752 [main] INFO  o.s.mock.web.MockServletContext.log - Initializing Spring FrameworkServlet ''
12-10-2018 10:58:24.753 [main] INFO  o.s.t.w.s.TestDispatcherServlet.initServletBean - FrameworkServlet '': initialization started
12-10-2018 10:58:24.753 [main] INFO  o.s.t.w.s.TestDispatcherServlet.initServletBean - FrameworkServlet '': initialization completed in 0 ms
12-10-2018 10:58:24.793 [main] INFO  o.s.mock.web.MockServletContext.log - Initializing Spring FrameworkServlet ''
12-10-2018 10:58:24.793 [main] INFO  o.s.t.w.s.TestDispatcherServlet.initServletBean - FrameworkServlet '': initialization started
12-10-2018 10:58:24.794 [main] INFO  o.s.t.w.s.TestDispatcherServlet.initServletBean - FrameworkServlet '': initialization completed in 0 ms
12-10-2018 10:58:24.848 [main] INFO  c.s.m.repository.MovieRepositoryTest.logStarting - Starting MovieRepositoryTest on cgi-Latitude-E5440 with PID 11071 (started by cgi in /home/cgi/workspaces/movie)
12-10-2018 10:58:24.850 [main] INFO  c.s.m.repository.MovieRepositoryTest.logStartupProfileInfo - No active profile set, falling back to default profiles: default
12-10-2018 10:58:24.853 [main] INFO  o.s.c.a.AnnotationConfigApplicationContext.prepareRefresh - Refreshing org.springframework.context.annotation.AnnotationConfigApplicationContext@7978550b: startup date [Fri Oct 12 10:58:24 IST 2018]; root of context hierarchy
12-10-2018 10:58:24.960 [main] INFO  org.mongodb.driver.cluster.info - Cluster created with settings {hosts=[localhost:27017], mode=SINGLE, requiredClusterType=UNKNOWN, serverSelectionTimeout='30000 ms', maxWaitQueueSize=500}
12-10-2018 10:58:24.997 [cluster-ClusterId{value='5bc030f82667c32b3fc2b805', description='null'}-localhost:27017] INFO  org.mongodb.driver.connection.info - Opened connection [connectionId{localValue:2, serverValue:22}] to localhost:27017
12-10-2018 10:58:24.999 [cluster-ClusterId{value='5bc030f82667c32b3fc2b805', description='null'}-localhost:27017] INFO  org.mongodb.driver.cluster.info - Monitor thread successfully connected to server with description ServerDescription{address=localhost:27017, type=STANDALONE, state=CONNECTED, ok=true, version=ServerVersion{versionList=[3, 2, 21]}, minWireVersion=0, maxWireVersion=4, maxDocumentSize=16777216, logicalSessionTimeoutMinutes=null, roundTripTimeNanos=898002}
12-10-2018 10:58:25.035 [main] INFO  c.s.m.repository.MovieRepositoryTest.logStarted - Started MovieRepositoryTest in 0.225 seconds (JVM running for 9.328)
12-10-2018 10:58:25.132 [main] INFO  org.mongodb.driver.connection.info - Opened connection [connectionId{localValue:3, serverValue:23}] to localhost:27017
12-10-2018 10:58:25.432 [Thread-5] INFO  o.s.c.a.AnnotationConfigApplicationContext.doClose - Closing org.springframework.context.annotation.AnnotationConfigApplicationContext@7978550b: startup date [Fri Oct 12 10:58:24 IST 2018]; root of context hierarchy
12-10-2018 10:58:25.449 [Thread-5] INFO  org.mongodb.driver.connection.info - Closed connection [connectionId{localValue:3, serverValue:23}] to localhost:27017 because the pool has been closed.
12-10-2018 10:58:25.459 [Thread-1] INFO  o.s.c.s.DefaultLifecycleProcessor.stop - Stopping beans in phase 2147483647
12-10-2018 10:59:25.022 [main] INFO  c.s.movie.MovieApplicationTests.logStarting - Starting MovieApplicationTests on cgi-Latitude-E5440 with PID 11163 (started by cgi in /home/cgi/workspaces/movie)
12-10-2018 10:59:25.025 [main] INFO  c.s.movie.MovieApplicationTests.logStartupProfileInfo - No active profile set, falling back to default profiles: default
12-10-2018 10:59:27.298 [main] INFO  org.mongodb.driver.cluster.info - Cluster created with settings {hosts=[localhost:27017], mode=SINGLE, requiredClusterType=UNKNOWN, serverSelectionTimeout='30000 ms', maxWaitQueueSize=500}
12-10-2018 10:59:27.414 [cluster-ClusterId{value='5bc031372667c32b9b987994', description='null'}-localhost:27017] INFO  org.mongodb.driver.connection.info - Opened connection [connectionId{localValue:1, serverValue:24}] to localhost:27017
12-10-2018 10:59:27.419 [cluster-ClusterId{value='5bc031372667c32b9b987994', description='null'}-localhost:27017] INFO  org.mongodb.driver.cluster.info - Monitor thread successfully connected to server with description ServerDescription{address=localhost:27017, type=STANDALONE, state=CONNECTED, ok=true, version=ServerVersion{versionList=[3, 2, 21]}, minWireVersion=0, maxWireVersion=4, maxDocumentSize=16777216, logicalSessionTimeoutMinutes=null, roundTripTimeNanos=1483267}
12-10-2018 10:59:28.377 [main] INFO  s.d.s.w.PropertySourcedRequestMappingHandlerMapping.initHandlerMethods - Mapped URL path [/v2/api-docs] onto method [public org.springframework.http.ResponseEntity<springfox.documentation.spring.web.json.Json> springfox.documentation.swagger2.web.Swagger2Controller.getDocumentation(java.lang.String,javax.servlet.http.HttpServletRequest)]
12-10-2018 10:59:29.142 [main] INFO  o.s.c.s.DefaultLifecycleProcessor.start - Starting beans in phase 2147483647
12-10-2018 10:59:29.143 [main] INFO  s.d.s.w.p.DocumentationPluginsBootstrapper.start - Context refreshed
12-10-2018 10:59:29.168 [main] INFO  s.d.s.w.p.DocumentationPluginsBootstrapper.start - Found 1 custom documentation plugin(s)
12-10-2018 10:59:29.246 [main] INFO  s.d.s.w.s.ApiListingReferenceScanner.scan - Scanning for api listing references
12-10-2018 10:59:29.432 [main] INFO  c.s.movie.MovieApplicationTests.logStarted - Started MovieApplicationTests in 5.483 seconds (JVM running for 7.287)
12-10-2018 10:59:29.590 [main] INFO  c.s.m.controller.MovieControllerTest.logStarting - Starting MovieControllerTest on cgi-Latitude-E5440 with PID 11163 (started by cgi in /home/cgi/workspaces/movie)
12-10-2018 10:59:29.596 [main] INFO  c.s.m.controller.MovieControllerTest.logStartupProfileInfo - No active profile set, falling back to default profiles: default
12-10-2018 10:59:30.495 [main] INFO  o.s.b.t.m.w.SpringBootMockServletContext.log - Initializing Spring FrameworkServlet ''
12-10-2018 10:59:30.496 [main] INFO  o.s.t.w.s.TestDispatcherServlet.initServletBean - FrameworkServlet '': initialization started
12-10-2018 10:59:30.507 [main] INFO  o.s.t.w.s.TestDispatcherServlet.initServletBean - FrameworkServlet '': initialization completed in 11 ms
12-10-2018 10:59:30.530 [main] INFO  c.s.m.controller.MovieControllerTest.logStarted - Started MovieControllerTest in 0.98 seconds (JVM running for 8.385)
12-10-2018 10:59:30.568 [main] INFO  o.s.mock.web.MockServletContext.log - Initializing Spring FrameworkServlet ''
12-10-2018 10:59:30.568 [main] INFO  o.s.t.w.s.TestDispatcherServlet.initServletBean - FrameworkServlet '': initialization started
12-10-2018 10:59:30.569 [main] INFO  o.s.t.w.s.TestDispatcherServlet.initServletBean - FrameworkServlet '': initialization completed in 0 ms
12-10-2018 10:59:30.687 [main] INFO  o.s.mock.web.MockServletContext.log - Initializing Spring FrameworkServlet ''
12-10-2018 10:59:30.688 [main] INFO  o.s.t.w.s.TestDispatcherServlet.initServletBean - FrameworkServlet '': initialization started
12-10-2018 10:59:30.688 [main] INFO  o.s.t.w.s.TestDispatcherServlet.initServletBean - FrameworkServlet '': initialization completed in 0 ms
12-10-2018 10:59:30.763 [main] INFO  o.s.mock.web.MockServletContext.log - Initializing Spring FrameworkServlet ''
12-10-2018 10:59:30.764 [main] INFO  o.s.t.w.s.TestDispatcherServlet.initServletBean - FrameworkServlet '': initialization started
12-10-2018 10:59:30.767 [main] INFO  o.s.t.w.s.TestDispatcherServlet.initServletBean - FrameworkServlet '': initialization completed in 1 ms
12-10-2018 10:59:30.800 [main] INFO  o.s.mock.web.MockServletContext.log - Initializing Spring FrameworkServlet ''
12-10-2018 10:59:30.800 [main] INFO  o.s.t.w.s.TestDispatcherServlet.initServletBean - FrameworkServlet '': initialization started
12-10-2018 10:59:30.801 [main] INFO  o.s.t.w.s.TestDispatcherServlet.initServletBean - FrameworkServlet '': initialization completed in 1 ms
12-10-2018 10:59:30.835 [main] INFO  o.s.mock.web.MockServletContext.log - Initializing Spring FrameworkServlet ''
12-10-2018 10:59:30.835 [main] INFO  o.s.t.w.s.TestDispatcherServlet.initServletBean - FrameworkServlet '': initialization started
12-10-2018 10:59:30.836 [main] INFO  o.s.t.w.s.TestDispatcherServlet.initServletBean - FrameworkServlet '': initialization completed in 0 ms
12-10-2018 10:59:30.877 [main] INFO  o.s.mock.web.MockServletContext.log - Initializing Spring FrameworkServlet ''
12-10-2018 10:59:30.877 [main] INFO  o.s.t.w.s.TestDispatcherServlet.initServletBean - FrameworkServlet '': initialization started
12-10-2018 10:59:30.878 [main] INFO  o.s.t.w.s.TestDispatcherServlet.initServletBean - FrameworkServlet '': initialization completed in 0 ms
12-10-2018 10:59:30.915 [main] INFO  o.s.mock.web.MockServletContext.log - Initializing Spring FrameworkServlet ''
12-10-2018 10:59:30.915 [main] INFO  o.s.t.w.s.TestDispatcherServlet.initServletBean - FrameworkServlet '': initialization started
12-10-2018 10:59:30.916 [main] INFO  o.s.t.w.s.TestDispatcherServlet.initServletBean - FrameworkServlet '': initialization completed in 1 ms
12-10-2018 10:59:30.957 [main] INFO  c.s.m.repository.MovieRepositoryTest.logStarting - Starting MovieRepositoryTest on cgi-Latitude-E5440 with PID 11163 (started by cgi in /home/cgi/workspaces/movie)
12-10-2018 10:59:30.959 [main] INFO  c.s.m.repository.MovieRepositoryTest.logStartupProfileInfo - No active profile set, falling back to default profiles: default
12-10-2018 10:59:30.961 [main] INFO  o.s.c.a.AnnotationConfigApplicationContext.prepareRefresh - Refreshing org.springframework.context.annotation.AnnotationConfigApplicationContext@126d8659: startup date [Fri Oct 12 10:59:30 IST 2018]; root of context hierarchy
12-10-2018 10:59:31.067 [main] INFO  org.mongodb.driver.cluster.info - Cluster created with settings {hosts=[localhost:27017], mode=SINGLE, requiredClusterType=UNKNOWN, serverSelectionTimeout='30000 ms', maxWaitQueueSize=500}
12-10-2018 10:59:31.089 [cluster-ClusterId{value='5bc0313b2667c32b9b987995', description='null'}-localhost:27017] INFO  org.mongodb.driver.connection.info - Opened connection [connectionId{localValue:2, serverValue:25}] to localhost:27017
12-10-2018 10:59:31.099 [cluster-ClusterId{value='5bc0313b2667c32b9b987995', description='null'}-localhost:27017] INFO  org.mongodb.driver.cluster.info - Monitor thread successfully connected to server with description ServerDescription{address=localhost:27017, type=STANDALONE, state=CONNECTED, ok=true, version=ServerVersion{versionList=[3, 2, 21]}, minWireVersion=0, maxWireVersion=4, maxDocumentSize=16777216, logicalSessionTimeoutMinutes=null, roundTripTimeNanos=9664508}
12-10-2018 10:59:31.143 [main] INFO  c.s.m.repository.MovieRepositoryTest.logStarted - Started MovieRepositoryTest in 0.211 seconds (JVM running for 8.998)
12-10-2018 10:59:31.219 [main] INFO  org.mongodb.driver.connection.info - Opened connection [connectionId{localValue:3, serverValue:26}] to localhost:27017
12-10-2018 10:59:31.514 [Thread-5] INFO  o.s.c.a.AnnotationConfigApplicationContext.doClose - Closing org.springframework.context.annotation.AnnotationConfigApplicationContext@126d8659: startup date [Fri Oct 12 10:59:30 IST 2018]; root of context hierarchy
12-10-2018 10:59:31.529 [Thread-5] INFO  org.mongodb.driver.connection.info - Closed connection [connectionId{localValue:3, serverValue:26}] to localhost:27017 because the pool has been closed.
12-10-2018 10:59:31.540 [Thread-1] INFO  o.s.c.s.DefaultLifecycleProcessor.stop - Stopping beans in phase 2147483647
12-10-2018 11:01:30.133 [main] INFO  c.stackroute.movie.MovieApplication.logStarting - Starting MovieApplication on cgi-Latitude-E5440 with PID 11280 (/home/cgi/workspaces/movie/target/classes started by cgi in /home/cgi/workspaces/movie)
12-10-2018 11:01:30.139 [main] INFO  c.stackroute.movie.MovieApplication.logStartupProfileInfo - No active profile set, falling back to default profiles: default
12-10-2018 11:01:30.305 [main] INFO  o.s.b.w.s.c.AnnotationConfigServletWebServerApplicationContext.prepareRefresh - Refreshing org.springframework.boot.web.servlet.context.AnnotationConfigServletWebServerApplicationContext@19b843ba: startup date [Fri Oct 12 11:01:30 IST 2018]; root of context hierarchy
12-10-2018 11:01:33.226 [main] INFO  o.s.b.w.e.tomcat.TomcatWebServer.initialize - Tomcat initialized with port(s): 8080 (http)
12-10-2018 11:01:33.298 [main] INFO  o.a.catalina.core.StandardService.log - Starting service [Tomcat]
12-10-2018 11:01:33.299 [main] INFO  o.a.catalina.core.StandardEngine.log - Starting Servlet Engine: Apache Tomcat/8.5.34
12-10-2018 11:01:33.315 [localhost-startStop-1] INFO  o.a.c.core.AprLifecycleListener.log - The APR based Apache Tomcat Native library which allows optimal performance in production environments was not found on the java.library.path: [/usr/java/packages/lib:/usr/lib64:/lib64:/lib:/usr/lib]
12-10-2018 11:01:33.535 [localhost-startStop-1] INFO  o.a.c.c.C.[Tomcat].[localhost].[/].log - Initializing Spring embedded WebApplicationContext
12-10-2018 11:01:33.582 [localhost-startStop-1] INFO  o.s.b.w.s.ServletRegistrationBean.addRegistration - Servlet webServlet mapped to [/console/*]
12-10-2018 11:01:33.584 [localhost-startStop-1] INFO  o.s.b.w.s.ServletRegistrationBean.addRegistration - Servlet dispatcherServlet mapped to [/]
12-10-2018 11:01:33.588 [localhost-startStop-1] INFO  o.s.b.w.s.FilterRegistrationBean.configure - Mapping filter: 'characterEncodingFilter' to: [/*]
12-10-2018 11:01:33.933 [main] INFO  org.mongodb.driver.cluster.info - Cluster created with settings {hosts=[localhost:27017], mode=SINGLE, requiredClusterType=UNKNOWN, serverSelectionTimeout='30000 ms', maxWaitQueueSize=500}
12-10-2018 11:01:34.054 [cluster-ClusterId{value='5bc031b52667c32c10732767', description='null'}-localhost:27017] INFO  org.mongodb.driver.connection.info - Opened connection [connectionId{localValue:1, serverValue:27}] to localhost:27017
12-10-2018 11:01:34.060 [cluster-ClusterId{value='5bc031b52667c32c10732767', description='null'}-localhost:27017] INFO  org.mongodb.driver.cluster.info - Monitor thread successfully connected to server with description ServerDescription{address=localhost:27017, type=STANDALONE, state=CONNECTED, ok=true, version=ServerVersion{versionList=[3, 2, 21]}, minWireVersion=0, maxWireVersion=4, maxDocumentSize=16777216, logicalSessionTimeoutMinutes=null, roundTripTimeNanos=3121062}
12-10-2018 11:01:34.987 [main] INFO  s.d.s.w.PropertySourcedRequestMappingHandlerMapping.initHandlerMethods - Mapped URL path [/v2/api-docs] onto method [public org.springframework.http.ResponseEntity<springfox.documentation.spring.web.json.Json> springfox.documentation.swagger2.web.Swagger2Controller.getDocumentation(java.lang.String,javax.servlet.http.HttpServletRequest)]
12-10-2018 11:01:35.551 [main] INFO  o.s.j.e.a.AnnotationMBeanExporter.afterSingletonsInstantiated - Registering beans for JMX exposure on startup
12-10-2018 11:01:35.565 [main] INFO  o.s.c.s.DefaultLifecycleProcessor.start - Starting beans in phase 2147483647
12-10-2018 11:01:35.565 [main] INFO  s.d.s.w.p.DocumentationPluginsBootstrapper.start - Context refreshed
12-10-2018 11:01:35.596 [main] INFO  s.d.s.w.p.DocumentationPluginsBootstrapper.start - Found 1 custom documentation plugin(s)
12-10-2018 11:01:35.640 [main] INFO  s.d.s.w.s.ApiListingReferenceScanner.scan - Scanning for api listing references
12-10-2018 11:01:35.949 [main] INFO  o.s.b.w.e.tomcat.TomcatWebServer.start - Tomcat started on port(s): 8080 (http) with context path ''
12-10-2018 11:01:35.953 [main] INFO  c.stackroute.movie.MovieApplication.logStarted - Started MovieApplication in 7.002 seconds (JVM running for 7.888)
12-10-2018 11:02:28.413 [http-nio-8080-exec-1] INFO  o.a.c.c.C.[Tomcat].[localhost].[/].log - Initializing Spring FrameworkServlet 'dispatcherServlet'
12-10-2018 11:02:28.573 [http-nio-8080-exec-1] INFO  org.mongodb.driver.connection.info - Opened connection [connectionId{localValue:2, serverValue:28}] to localhost:27017
12-10-2018 11:42:27.090 [Thread-2] INFO  o.s.b.w.s.c.AnnotationConfigServletWebServerApplicationContext.doClose - Closing org.springframework.boot.web.servlet.context.AnnotationConfigServletWebServerApplicationContext@19b843ba: startup date [Fri Oct 12 11:01:30 IST 2018]; root of context hierarchy
12-10-2018 11:42:27.094 [Thread-2] INFO  o.s.c.s.DefaultLifecycleProcessor.stop - Stopping beans in phase 2147483647
12-10-2018 11:42:27.101 [Thread-2] INFO  o.s.j.e.a.AnnotationMBeanExporter.destroy - Unregistering JMX-exposed beans on shutdown
12-10-2018 11:42:27.108 [Thread-2] INFO  org.mongodb.driver.connection.info - Closed connection [connectionId{localValue:2, serverValue:28}] to localhost:27017 because the pool has been closed.
12-10-2018 11:56:43.789 [main] INFO  c.stackroute.movie.MovieApplication.logStarting - Starting MovieApplication on cgi-Latitude-E5440 with PID 14894 (/home/cgi/workspaces/movie/target/classes started by cgi in /home/cgi/workspaces/movie)
12-10-2018 11:56:43.798 [main] INFO  c.stackroute.movie.MovieApplication.logStartupProfileInfo - No active profile set, falling back to default profiles: default
12-10-2018 11:56:44.013 [main] INFO  o.s.b.w.s.c.AnnotationConfigServletWebServerApplicationContext.prepareRefresh - Refreshing org.springframework.boot.web.servlet.context.AnnotationConfigServletWebServerApplicationContext@1ec9bd38: startup date [Fri Oct 12 11:56:44 IST 2018]; root of context hierarchy
12-10-2018 11:56:46.998 [main] INFO  o.s.b.w.e.tomcat.TomcatWebServer.initialize - Tomcat initialized with port(s): 8080 (http)
12-10-2018 11:56:47.041 [main] INFO  o.a.catalina.core.StandardService.log - Starting service [Tomcat]
12-10-2018 11:56:47.042 [main] INFO  o.a.catalina.core.StandardEngine.log - Starting Servlet Engine: Apache Tomcat/8.5.34
12-10-2018 11:56:47.058 [localhost-startStop-1] INFO  o.a.c.core.AprLifecycleListener.log - The APR based Apache Tomcat Native library which allows optimal performance in production environments was not found on the java.library.path: [/usr/java/packages/lib:/usr/lib64:/lib64:/lib:/usr/lib]
12-10-2018 11:56:47.188 [localhost-startStop-1] INFO  o.a.c.c.C.[Tomcat].[localhost].[/].log - Initializing Spring embedded WebApplicationContext
12-10-2018 11:56:47.258 [localhost-startStop-1] INFO  o.s.b.w.s.ServletRegistrationBean.addRegistration - Servlet webServlet mapped to [/console/*]
12-10-2018 11:56:47.260 [localhost-startStop-1] INFO  o.s.b.w.s.ServletRegistrationBean.addRegistration - Servlet dispatcherServlet mapped to [/]
12-10-2018 11:56:47.265 [localhost-startStop-1] INFO  o.s.b.w.s.FilterRegistrationBean.configure - Mapping filter: 'characterEncodingFilter' to: [/*]
12-10-2018 11:56:47.703 [main] INFO  org.mongodb.driver.cluster.info - Cluster created with settings {hosts=[localhost:27017], mode=SINGLE, requiredClusterType=UNKNOWN, serverSelectionTimeout='30000 ms', maxWaitQueueSize=500}
12-10-2018 11:56:47.816 [cluster-ClusterId{value='5bc03ea72667c33a2e48ab67', description='null'}-localhost:27017] INFO  org.mongodb.driver.connection.info - Opened connection [connectionId{localValue:1, serverValue:29}] to localhost:27017
12-10-2018 11:56:47.822 [cluster-ClusterId{value='5bc03ea72667c33a2e48ab67', description='null'}-localhost:27017] INFO  org.mongodb.driver.cluster.info - Monitor thread successfully connected to server with description ServerDescription{address=localhost:27017, type=STANDALONE, state=CONNECTED, ok=true, version=ServerVersion{versionList=[3, 2, 21]}, minWireVersion=0, maxWireVersion=4, maxDocumentSize=16777216, logicalSessionTimeoutMinutes=null, roundTripTimeNanos=3541544}
12-10-2018 11:56:48.697 [main] INFO  s.d.s.w.PropertySourcedRequestMappingHandlerMapping.initHandlerMethods - Mapped URL path [/v2/api-docs] onto method [public org.springframework.http.ResponseEntity<springfox.documentation.spring.web.json.Json> springfox.documentation.swagger2.web.Swagger2Controller.getDocumentation(java.lang.String,javax.servlet.http.HttpServletRequest)]
12-10-2018 11:56:49.300 [main] INFO  o.s.j.e.a.AnnotationMBeanExporter.afterSingletonsInstantiated - Registering beans for JMX exposure on startup
12-10-2018 11:56:49.312 [main] INFO  o.s.c.s.DefaultLifecycleProcessor.start - Starting beans in phase 2147483647
12-10-2018 11:56:49.312 [main] INFO  s.d.s.w.p.DocumentationPluginsBootstrapper.start - Context refreshed
12-10-2018 11:56:49.343 [main] INFO  s.d.s.w.p.DocumentationPluginsBootstrapper.start - Found 1 custom documentation plugin(s)
12-10-2018 11:56:49.391 [main] INFO  s.d.s.w.s.ApiListingReferenceScanner.scan - Scanning for api listing references
12-10-2018 11:56:49.674 [main] INFO  o.s.b.w.e.tomcat.TomcatWebServer.start - Tomcat started on port(s): 8080 (http) with context path ''
12-10-2018 11:56:49.684 [main] INFO  c.stackroute.movie.MovieApplication.logStarted - Started MovieApplication in 6.699 seconds (JVM running for 8.069)
12-10-2018 11:56:53.211 [http-nio-8080-exec-1] INFO  o.a.c.c.C.[Tomcat].[localhost].[/].log - Initializing Spring FrameworkServlet 'dispatcherServlet'
12-10-2018 11:58:29.089 [Thread-2] INFO  o.s.b.w.s.c.AnnotationConfigServletWebServerApplicationContext.doClose - Closing org.springframework.boot.web.servlet.context.AnnotationConfigServletWebServerApplicationContext@1ec9bd38: startup date [Fri Oct 12 11:56:44 IST 2018]; root of context hierarchy
12-10-2018 11:58:29.092 [Thread-2] INFO  o.s.c.s.DefaultLifecycleProcessor.stop - Stopping beans in phase 2147483647
12-10-2018 11:58:29.095 [Thread-2] INFO  o.s.j.e.a.AnnotationMBeanExporter.destroy - Unregistering JMX-exposed beans on shutdown
12-10-2018 11:58:34.403 [main] INFO  c.stackroute.movie.MovieApplication.logStarting - Starting MovieApplication on cgi-Latitude-E5440 with PID 15061 (/home/cgi/workspaces/movie/target/classes started by cgi in /home/cgi/workspaces/movie)
12-10-2018 11:58:34.409 [main] INFO  c.stackroute.movie.MovieApplication.logStartupProfileInfo - No active profile set, falling back to default profiles: default
12-10-2018 11:58:34.581 [main] INFO  o.s.b.w.s.c.AnnotationConfigServletWebServerApplicationContext.prepareRefresh - Refreshing org.springframework.boot.web.servlet.context.AnnotationConfigServletWebServerApplicationContext@e25951c: startup date [Fri Oct 12 11:58:34 IST 2018]; root of context hierarchy
12-10-2018 11:58:37.480 [main] INFO  o.s.b.w.e.tomcat.TomcatWebServer.initialize - Tomcat initialized with port(s): 8080 (http)
12-10-2018 11:58:37.512 [main] INFO  o.a.catalina.core.StandardService.log - Starting service [Tomcat]
12-10-2018 11:58:37.513 [main] INFO  o.a.catalina.core.StandardEngine.log - Starting Servlet Engine: Apache Tomcat/8.5.34
12-10-2018 11:58:37.526 [localhost-startStop-1] INFO  o.a.c.core.AprLifecycleListener.log - The APR based Apache Tomcat Native library which allows optimal performance in production environments was not found on the java.library.path: [/usr/java/packages/lib:/usr/lib64:/lib64:/lib:/usr/lib]
12-10-2018 11:58:37.662 [localhost-startStop-1] INFO  o.a.c.c.C.[Tomcat].[localhost].[/].log - Initializing Spring embedded WebApplicationContext
12-10-2018 11:58:37.745 [localhost-startStop-1] INFO  o.s.b.w.s.ServletRegistrationBean.addRegistration - Servlet webServlet mapped to [/console/*]
12-10-2018 11:58:37.748 [localhost-startStop-1] INFO  o.s.b.w.s.ServletRegistrationBean.addRegistration - Servlet dispatcherServlet mapped to [/]
12-10-2018 11:58:37.754 [localhost-startStop-1] INFO  o.s.b.w.s.FilterRegistrationBean.configure - Mapping filter: 'characterEncodingFilter' to: [/*]
12-10-2018 11:58:38.156 [main] INFO  org.mongodb.driver.cluster.info - Cluster created with settings {hosts=[localhost:27017], mode=SINGLE, requiredClusterType=UNKNOWN, serverSelectionTimeout='30000 ms', maxWaitQueueSize=500}
12-10-2018 11:58:38.256 [cluster-ClusterId{value='5bc03f162667c33ad5904b39', description='null'}-localhost:27017] INFO  org.mongodb.driver.connection.info - Opened connection [connectionId{localValue:1, serverValue:30}] to localhost:27017
12-10-2018 11:58:38.260 [cluster-ClusterId{value='5bc03f162667c33ad5904b39', description='null'}-localhost:27017] INFO  org.mongodb.driver.cluster.info - Monitor thread successfully connected to server with description ServerDescription{address=localhost:27017, type=STANDALONE, state=CONNECTED, ok=true, version=ServerVersion{versionList=[3, 2, 21]}, minWireVersion=0, maxWireVersion=4, maxDocumentSize=16777216, logicalSessionTimeoutMinutes=null, roundTripTimeNanos=2283645}
12-10-2018 11:58:39.104 [main] INFO  s.d.s.w.PropertySourcedRequestMappingHandlerMapping.initHandlerMethods - Mapped URL path [/v2/api-docs] onto method [public org.springframework.http.ResponseEntity<springfox.documentation.spring.web.json.Json> springfox.documentation.swagger2.web.Swagger2Controller.getDocumentation(java.lang.String,javax.servlet.http.HttpServletRequest)]
12-10-2018 11:58:39.639 [main] INFO  o.s.j.e.a.AnnotationMBeanExporter.afterSingletonsInstantiated - Registering beans for JMX exposure on startup
12-10-2018 11:58:39.651 [main] INFO  o.s.c.s.DefaultLifecycleProcessor.start - Starting beans in phase 2147483647
12-10-2018 11:58:39.651 [main] INFO  s.d.s.w.p.DocumentationPluginsBootstrapper.start - Context refreshed
12-10-2018 11:58:39.675 [main] INFO  s.d.s.w.p.DocumentationPluginsBootstrapper.start - Found 1 custom documentation plugin(s)
12-10-2018 11:58:39.717 [main] INFO  s.d.s.w.s.ApiListingReferenceScanner.scan - Scanning for api listing references
12-10-2018 11:58:39.927 [main] INFO  o.s.b.w.e.tomcat.TomcatWebServer.start - Tomcat started on port(s): 8080 (http) with context path ''
12-10-2018 11:58:39.932 [main] INFO  c.stackroute.movie.MovieApplication.logStarted - Started MovieApplication in 6.365 seconds (JVM running for 7.245)
12-10-2018 12:00:30.281 [Thread-2] INFO  o.s.b.w.s.c.AnnotationConfigServletWebServerApplicationContext.doClose - Closing org.springframework.boot.web.servlet.context.AnnotationConfigServletWebServerApplicationContext@e25951c: startup date [Fri Oct 12 11:58:34 IST 2018]; root of context hierarchy
12-10-2018 12:00:30.286 [Thread-2] INFO  o.s.c.s.DefaultLifecycleProcessor.stop - Stopping beans in phase 2147483647
12-10-2018 12:00:30.287 [Thread-2] INFO  o.s.j.e.a.AnnotationMBeanExporter.destroy - Unregistering JMX-exposed beans on shutdown
12-10-2018 12:00:38.777 [main] INFO  c.stackroute.movie.MovieApplication.logStarting - Starting MovieApplication on cgi-Latitude-E5440 with PID 15197 (/home/cgi/workspaces/movie/target/classes started by cgi in /home/cgi/workspaces/movie)
12-10-2018 12:00:38.784 [main] INFO  c.stackroute.movie.MovieApplication.logStartupProfileInfo - No active profile set, falling back to default profiles: default
12-10-2018 12:00:39.003 [main] INFO  o.s.b.w.s.c.AnnotationConfigServletWebServerApplicationContext.prepareRefresh - Refreshing org.springframework.boot.web.servlet.context.AnnotationConfigServletWebServerApplicationContext@928763c: startup date [Fri Oct 12 12:00:39 IST 2018]; root of context hierarchy
12-10-2018 12:00:41.801 [main] INFO  o.s.b.w.e.tomcat.TomcatWebServer.initialize - Tomcat initialized with port(s): 8080 (http)
12-10-2018 12:00:41.837 [main] INFO  o.a.catalina.core.StandardService.log - Starting service [Tomcat]
12-10-2018 12:00:41.838 [main] INFO  o.a.catalina.core.StandardEngine.log - Starting Servlet Engine: Apache Tomcat/8.5.34
12-10-2018 12:00:41.850 [localhost-startStop-1] INFO  o.a.c.core.AprLifecycleListener.log - The APR based Apache Tomcat Native library which allows optimal performance in production environments was not found on the java.library.path: [/usr/java/packages/lib:/usr/lib64:/lib64:/lib:/usr/lib]
12-10-2018 12:00:41.971 [localhost-startStop-1] INFO  o.a.c.c.C.[Tomcat].[localhost].[/].log - Initializing Spring embedded WebApplicationContext
12-10-2018 12:00:42.020 [localhost-startStop-1] INFO  o.s.b.w.s.ServletRegistrationBean.addRegistration - Servlet webServlet mapped to [/console/*]
12-10-2018 12:00:42.023 [localhost-startStop-1] INFO  o.s.b.w.s.ServletRegistrationBean.addRegistration - Servlet dispatcherServlet mapped to [/]
12-10-2018 12:00:42.030 [localhost-startStop-1] INFO  o.s.b.w.s.FilterRegistrationBean.configure - Mapping filter: 'characterEncodingFilter' to: [/*]
12-10-2018 12:00:42.511 [main] INFO  org.mongodb.driver.cluster.info - Cluster created with settings {hosts=[localhost:27017], mode=SINGLE, requiredClusterType=UNKNOWN, serverSelectionTimeout='30000 ms', maxWaitQueueSize=500}
12-10-2018 12:00:42.652 [cluster-ClusterId{value='5bc03f922667c33b5d09056e', description='null'}-localhost:27017] INFO  org.mongodb.driver.connection.info - Opened connection [connectionId{localValue:1, serverValue:31}] to localhost:27017
12-10-2018 12:00:42.656 [cluster-ClusterId{value='5bc03f922667c33b5d09056e', description='null'}-localhost:27017] INFO  org.mongodb.driver.cluster.info - Monitor thread successfully connected to server with description ServerDescription{address=localhost:27017, type=STANDALONE, state=CONNECTED, ok=true, version=ServerVersion{versionList=[3, 2, 21]}, minWireVersion=0, maxWireVersion=4, maxDocumentSize=16777216, logicalSessionTimeoutMinutes=null, roundTripTimeNanos=2538910}
12-10-2018 12:00:43.619 [main] INFO  s.d.s.w.PropertySourcedRequestMappingHandlerMapping.initHandlerMethods - Mapped URL path [/v2/api-docs] onto method [public org.springframework.http.ResponseEntity<springfox.documentation.spring.web.json.Json> springfox.documentation.swagger2.web.Swagger2Controller.getDocumentation(java.lang.String,javax.servlet.http.HttpServletRequest)]
12-10-2018 12:00:44.181 [main] INFO  o.s.j.e.a.AnnotationMBeanExporter.afterSingletonsInstantiated - Registering beans for JMX exposure on startup
12-10-2018 12:00:44.194 [main] INFO  o.s.c.s.DefaultLifecycleProcessor.start - Starting beans in phase 2147483647
12-10-2018 12:00:44.195 [main] INFO  s.d.s.w.p.DocumentationPluginsBootstrapper.start - Context refreshed
12-10-2018 12:00:44.226 [main] INFO  s.d.s.w.p.DocumentationPluginsBootstrapper.start - Found 1 custom documentation plugin(s)
12-10-2018 12:00:44.273 [main] INFO  s.d.s.w.s.ApiListingReferenceScanner.scan - Scanning for api listing references
12-10-2018 12:00:44.469 [main] INFO  o.s.b.w.e.tomcat.TomcatWebServer.start - Tomcat started on port(s): 8080 (http) with context path ''
12-10-2018 12:00:44.482 [main] INFO  c.stackroute.movie.MovieApplication.logStarted - Started MovieApplication in 6.699 seconds (JVM running for 7.632)
12-10-2018 12:00:49.051 [http-nio-8080-exec-1] INFO  o.a.c.c.C.[Tomcat].[localhost].[/].log - Initializing Spring FrameworkServlet 'dispatcherServlet'
12-10-2018 12:00:49.153 [http-nio-8080-exec-1] INFO  org.mongodb.driver.connection.info - Opened connection [connectionId{localValue:2, serverValue:32}] to localhost:27017
12-10-2018 12:03:29.758 [Thread-2] INFO  o.s.b.w.s.c.AnnotationConfigServletWebServerApplicationContext.doClose - Closing org.springframework.boot.web.servlet.context.AnnotationConfigServletWebServerApplicationContext@928763c: startup date [Fri Oct 12 12:00:39 IST 2018]; root of context hierarchy
12-10-2018 12:03:29.766 [Thread-2] INFO  o.s.c.s.DefaultLifecycleProcessor.stop - Stopping beans in phase 2147483647
12-10-2018 12:03:29.767 [Thread-2] INFO  o.s.j.e.a.AnnotationMBeanExporter.destroy - Unregistering JMX-exposed beans on shutdown
12-10-2018 12:03:29.778 [Thread-2] INFO  org.mongodb.driver.connection.info - Closed connection [connectionId{localValue:2, serverValue:32}] to localhost:27017 because the pool has been closed.
12-10-2018 12:03:35.231 [main] INFO  c.stackroute.movie.MovieApplication.logStarting - Starting MovieApplication on cgi-Latitude-E5440 with PID 15395 (/home/cgi/workspaces/movie/target/classes started by cgi in /home/cgi/workspaces/movie)
12-10-2018 12:03:35.237 [main] INFO  c.stackroute.movie.MovieApplication.logStartupProfileInfo - No active profile set, falling back to default profiles: default
12-10-2018 12:03:35.380 [main] INFO  o.s.b.w.s.c.AnnotationConfigServletWebServerApplicationContext.prepareRefresh - Refreshing org.springframework.boot.web.servlet.context.AnnotationConfigServletWebServerApplicationContext@64ec96c6: startup date [Fri Oct 12 12:03:35 IST 2018]; root of context hierarchy
12-10-2018 12:03:38.092 [main] INFO  o.s.b.w.e.tomcat.TomcatWebServer.initialize - Tomcat initialized with port(s): 8080 (http)
12-10-2018 12:03:38.132 [main] INFO  o.a.catalina.core.StandardService.log - Starting service [Tomcat]
12-10-2018 12:03:38.133 [main] INFO  o.a.catalina.core.StandardEngine.log - Starting Servlet Engine: Apache Tomcat/8.5.34
12-10-2018 12:03:38.147 [localhost-startStop-1] INFO  o.a.c.core.AprLifecycleListener.log - The APR based Apache Tomcat Native library which allows optimal performance in production environments was not found on the java.library.path: [/usr/java/packages/lib:/usr/lib64:/lib64:/lib:/usr/lib]
12-10-2018 12:03:38.282 [localhost-startStop-1] INFO  o.a.c.c.C.[Tomcat].[localhost].[/].log - Initializing Spring embedded WebApplicationContext
12-10-2018 12:03:38.332 [localhost-startStop-1] INFO  o.s.b.w.s.ServletRegistrationBean.addRegistration - Servlet webServlet mapped to [/console/*]
12-10-2018 12:03:38.334 [localhost-startStop-1] INFO  o.s.b.w.s.ServletRegistrationBean.addRegistration - Servlet dispatcherServlet mapped to [/]
12-10-2018 12:03:38.338 [localhost-startStop-1] INFO  o.s.b.w.s.FilterRegistrationBean.configure - Mapping filter: 'characterEncodingFilter' to: [/*]
12-10-2018 12:03:38.742 [main] INFO  org.mongodb.driver.cluster.info - Cluster created with settings {hosts=[localhost:27017], mode=SINGLE, requiredClusterType=UNKNOWN, serverSelectionTimeout='30000 ms', maxWaitQueueSize=500}
12-10-2018 12:03:38.850 [cluster-ClusterId{value='5bc040422667c33c2358a7b0', description='null'}-localhost:27017] INFO  org.mongodb.driver.connection.info - Opened connection [connectionId{localValue:1, serverValue:33}] to localhost:27017
12-10-2018 12:03:38.858 [cluster-ClusterId{value='5bc040422667c33c2358a7b0', description='null'}-localhost:27017] INFO  org.mongodb.driver.cluster.info - Monitor thread successfully connected to server with description ServerDescription{address=localhost:27017, type=STANDALONE, state=CONNECTED, ok=true, version=ServerVersion{versionList=[3, 2, 21]}, minWireVersion=0, maxWireVersion=4, maxDocumentSize=16777216, logicalSessionTimeoutMinutes=null, roundTripTimeNanos=4355263}
12-10-2018 12:03:39.766 [main] INFO  s.d.s.w.PropertySourcedRequestMappingHandlerMapping.initHandlerMethods - Mapped URL path [/v2/api-docs] onto method [public org.springframework.http.ResponseEntity<springfox.documentation.spring.web.json.Json> springfox.documentation.swagger2.web.Swagger2Controller.getDocumentation(java.lang.String,javax.servlet.http.HttpServletRequest)]
12-10-2018 12:03:40.311 [main] INFO  o.s.j.e.a.AnnotationMBeanExporter.afterSingletonsInstantiated - Registering beans for JMX exposure on startup
12-10-2018 12:03:40.325 [main] INFO  o.s.c.s.DefaultLifecycleProcessor.start - Starting beans in phase 2147483647
12-10-2018 12:03:40.325 [main] INFO  s.d.s.w.p.DocumentationPluginsBootstrapper.start - Context refreshed
12-10-2018 12:03:40.355 [main] INFO  s.d.s.w.p.DocumentationPluginsBootstrapper.start - Found 1 custom documentation plugin(s)
12-10-2018 12:03:40.400 [main] INFO  s.d.s.w.s.ApiListingReferenceScanner.scan - Scanning for api listing references
12-10-2018 12:03:40.660 [main] INFO  o.s.b.w.e.tomcat.TomcatWebServer.start - Tomcat started on port(s): 8080 (http) with context path ''
12-10-2018 12:03:40.666 [main] INFO  c.stackroute.movie.MovieApplication.logStarted - Started MovieApplication in 6.394 seconds (JVM running for 7.214)
12-10-2018 12:03:44.977 [http-nio-8080-exec-1] INFO  o.a.c.c.C.[Tomcat].[localhost].[/].log - Initializing Spring FrameworkServlet 'dispatcherServlet'
12-10-2018 12:03:49.020 [http-nio-8080-exec-2] INFO  org.mongodb.driver.connection.info - Opened connection [connectionId{localValue:2, serverValue:34}] to localhost:27017
12-10-2018 12:05:03.680 [Thread-2] INFO  o.s.b.w.s.c.AnnotationConfigServletWebServerApplicationContext.doClose - Closing org.springframework.boot.web.servlet.context.AnnotationConfigServletWebServerApplicationContext@64ec96c6: startup date [Fri Oct 12 12:03:35 IST 2018]; root of context hierarchy
12-10-2018 12:05:03.682 [Thread-2] INFO  o.s.c.s.DefaultLifecycleProcessor.stop - Stopping beans in phase 2147483647
12-10-2018 12:05:03.683 [Thread-2] INFO  o.s.j.e.a.AnnotationMBeanExporter.destroy - Unregistering JMX-exposed beans on shutdown
12-10-2018 12:05:03.687 [Thread-2] INFO  org.mongodb.driver.connection.info - Closed connection [connectionId{localValue:2, serverValue:34}] to localhost:27017 because the pool has been closed.
12-10-2018 12:06:42.909 [main] INFO  c.stackroute.movie.MovieApplication.logStarting - Starting MovieApplication on cgi-Latitude-E5440 with PID 15702 (/home/cgi/workspaces/movie/target/classes started by cgi in /home/cgi/workspaces/movie)
12-10-2018 12:06:42.914 [main] INFO  c.stackroute.movie.MovieApplication.logStartupProfileInfo - No active profile set, falling back to default profiles: default
12-10-2018 12:06:43.034 [main] INFO  o.s.b.w.s.c.AnnotationConfigServletWebServerApplicationContext.prepareRefresh - Refreshing org.springframework.boot.web.servlet.context.AnnotationConfigServletWebServerApplicationContext@c667f46: startup date [Fri Oct 12 12:06:43 IST 2018]; root of context hierarchy
12-10-2018 12:06:45.919 [main] INFO  o.s.b.w.e.tomcat.TomcatWebServer.initialize - Tomcat initialized with port(s): 8080 (http)
12-10-2018 12:06:45.954 [main] INFO  o.a.catalina.core.StandardService.log - Starting service [Tomcat]
12-10-2018 12:06:45.955 [main] INFO  o.a.catalina.core.StandardEngine.log - Starting Servlet Engine: Apache Tomcat/8.5.34
12-10-2018 12:06:45.965 [localhost-startStop-1] INFO  o.a.c.core.AprLifecycleListener.log - The APR based Apache Tomcat Native library which allows optimal performance in production environments was not found on the java.library.path: [/usr/java/packages/lib:/usr/lib64:/lib64:/lib:/usr/lib]
12-10-2018 12:06:46.090 [localhost-startStop-1] INFO  o.a.c.c.C.[Tomcat].[localhost].[/].log - Initializing Spring embedded WebApplicationContext
12-10-2018 12:06:46.144 [localhost-startStop-1] INFO  o.s.b.w.s.ServletRegistrationBean.addRegistration - Servlet webServlet mapped to [/console/*]
12-10-2018 12:06:46.147 [localhost-startStop-1] INFO  o.s.b.w.s.ServletRegistrationBean.addRegistration - Servlet dispatcherServlet mapped to [/]
12-10-2018 12:06:46.165 [localhost-startStop-1] INFO  o.s.b.w.s.FilterRegistrationBean.configure - Mapping filter: 'characterEncodingFilter' to: [/*]
12-10-2018 12:06:46.526 [main] INFO  org.mongodb.driver.cluster.info - Cluster created with settings {hosts=[localhost:27017], mode=SINGLE, requiredClusterType=UNKNOWN, serverSelectionTimeout='30000 ms', maxWaitQueueSize=500}
12-10-2018 12:06:46.612 [cluster-ClusterId{value='5bc040fe2667c33d565307cd', description='null'}-localhost:27017] INFO  org.mongodb.driver.connection.info - Opened connection [connectionId{localValue:1, serverValue:35}] to localhost:27017
12-10-2018 12:06:46.616 [cluster-ClusterId{value='5bc040fe2667c33d565307cd', description='null'}-localhost:27017] INFO  org.mongodb.driver.cluster.info - Monitor thread successfully connected to server with description ServerDescription{address=localhost:27017, type=STANDALONE, state=CONNECTED, ok=true, version=ServerVersion{versionList=[3, 2, 21]}, minWireVersion=0, maxWireVersion=4, maxDocumentSize=16777216, logicalSessionTimeoutMinutes=null, roundTripTimeNanos=1862498}
12-10-2018 12:06:47.558 [main] INFO  s.d.s.w.PropertySourcedRequestMappingHandlerMapping.initHandlerMethods - Mapped URL path [/v2/api-docs] onto method [public org.springframework.http.ResponseEntity<springfox.documentation.spring.web.json.Json> springfox.documentation.swagger2.web.Swagger2Controller.getDocumentation(java.lang.String,javax.servlet.http.HttpServletRequest)]
12-10-2018 12:06:48.138 [main] INFO  o.s.j.e.a.AnnotationMBeanExporter.afterSingletonsInstantiated - Registering beans for JMX exposure on startup
12-10-2018 12:06:48.150 [main] INFO  o.s.c.s.DefaultLifecycleProcessor.start - Starting beans in phase 2147483647
12-10-2018 12:06:48.151 [main] INFO  s.d.s.w.p.DocumentationPluginsBootstrapper.start - Context refreshed
12-10-2018 12:06:48.179 [main] INFO  s.d.s.w.p.DocumentationPluginsBootstrapper.start - Found 1 custom documentation plugin(s)
12-10-2018 12:06:48.214 [main] INFO  s.d.s.w.s.ApiListingReferenceScanner.scan - Scanning for api listing references
12-10-2018 12:06:48.417 [main] INFO  o.s.b.w.e.tomcat.TomcatWebServer.start - Tomcat started on port(s): 8080 (http) with context path ''
12-10-2018 12:06:48.422 [main] INFO  c.stackroute.movie.MovieApplication.logStarted - Started MovieApplication in 6.517 seconds (JVM running for 7.352)
12-10-2018 12:06:59.802 [http-nio-8080-exec-1] INFO  o.a.c.c.C.[Tomcat].[localhost].[/].log - Initializing Spring FrameworkServlet 'dispatcherServlet'
12-10-2018 12:07:45.311 [http-nio-8080-exec-3] INFO  org.mongodb.driver.connection.info - Opened connection [connectionId{localValue:2, serverValue:36}] to localhost:27017
12-10-2018 12:11:24.453 [Thread-2] INFO  o.s.b.w.s.c.AnnotationConfigServletWebServerApplicationContext.doClose - Closing org.springframework.boot.web.servlet.context.AnnotationConfigServletWebServerApplicationContext@c667f46: startup date [Fri Oct 12 12:06:43 IST 2018]; root of context hierarchy
12-10-2018 12:11:24.462 [Thread-2] INFO  o.s.c.s.DefaultLifecycleProcessor.stop - Stopping beans in phase 2147483647
12-10-2018 12:11:24.463 [Thread-2] INFO  o.s.j.e.a.AnnotationMBeanExporter.destroy - Unregistering JMX-exposed beans on shutdown
12-10-2018 12:11:24.469 [Thread-2] INFO  org.mongodb.driver.connection.info - Closed connection [connectionId{localValue:2, serverValue:36}] to localhost:27017 because the pool has been closed.
12-10-2018 14:19:00.303 [main] INFO  c.stackroute.movie.MovieApplication.logStarting - Starting MovieApplication on cgi-Latitude-E5440 with PID 23531 (/home/cgi/workspaces/movie/target/classes started by cgi in /home/cgi/workspaces/movie)
12-10-2018 14:19:00.495 [main] INFO  c.stackroute.movie.MovieApplication.logStartupProfileInfo - No active profile set, falling back to default profiles: default
12-10-2018 14:19:00.957 [main] INFO  o.s.b.w.s.c.AnnotationConfigServletWebServerApplicationContext.prepareRefresh - Refreshing org.springframework.boot.web.servlet.context.AnnotationConfigServletWebServerApplicationContext@1ec9bd38: startup date [Fri Oct 12 14:19:00 IST 2018]; root of context hierarchy
12-10-2018 14:19:07.033 [main] INFO  o.s.b.w.e.tomcat.TomcatWebServer.initialize - Tomcat initialized with port(s): 8080 (http)
12-10-2018 14:19:07.106 [main] INFO  o.a.catalina.core.StandardService.log - Starting service [Tomcat]
12-10-2018 14:19:07.107 [main] INFO  o.a.catalina.core.StandardEngine.log - Starting Servlet Engine: Apache Tomcat/8.5.34
12-10-2018 14:19:07.137 [localhost-startStop-1] INFO  o.a.c.core.AprLifecycleListener.log - The APR based Apache Tomcat Native library which allows optimal performance in production environments was not found on the java.library.path: [/usr/java/packages/lib:/usr/lib64:/lib64:/lib:/usr/lib]
12-10-2018 14:19:07.385 [localhost-startStop-1] INFO  o.a.c.c.C.[Tomcat].[localhost].[/].log - Initializing Spring embedded WebApplicationContext
12-10-2018 14:19:07.454 [localhost-startStop-1] INFO  o.s.b.w.s.ServletRegistrationBean.addRegistration - Servlet webServlet mapped to [/console/*]
12-10-2018 14:19:07.456 [localhost-startStop-1] INFO  o.s.b.w.s.ServletRegistrationBean.addRegistration - Servlet dispatcherServlet mapped to [/]
12-10-2018 14:19:07.462 [localhost-startStop-1] INFO  o.s.b.w.s.FilterRegistrationBean.configure - Mapping filter: 'characterEncodingFilter' to: [/*]
12-10-2018 14:19:08.489 [main] INFO  org.mongodb.driver.cluster.info - Cluster created with settings {hosts=[localhost:27017], mode=SINGLE, requiredClusterType=UNKNOWN, serverSelectionTimeout='30000 ms', maxWaitQueueSize=500}
12-10-2018 14:19:10.186 [cluster-ClusterId{value='5bc060042667c35bebc4e046', description='null'}-localhost:27017] INFO  org.mongodb.driver.connection.info - Opened connection [connectionId{localValue:1, serverValue:37}] to localhost:27017
12-10-2018 14:19:10.189 [cluster-ClusterId{value='5bc060042667c35bebc4e046', description='null'}-localhost:27017] INFO  org.mongodb.driver.cluster.info - Monitor thread successfully connected to server with description ServerDescription{address=localhost:27017, type=STANDALONE, state=CONNECTED, ok=true, version=ServerVersion{versionList=[3, 2, 21]}, minWireVersion=0, maxWireVersion=4, maxDocumentSize=16777216, logicalSessionTimeoutMinutes=null, roundTripTimeNanos=1396724}
12-10-2018 14:19:11.318 [main] INFO  s.d.s.w.PropertySourcedRequestMappingHandlerMapping.initHandlerMethods - Mapped URL path [/v2/api-docs] onto method [public org.springframework.http.ResponseEntity<springfox.documentation.spring.web.json.Json> springfox.documentation.swagger2.web.Swagger2Controller.getDocumentation(java.lang.String,javax.servlet.http.HttpServletRequest)]
12-10-2018 14:19:12.085 [main] INFO  o.s.j.e.a.AnnotationMBeanExporter.afterSingletonsInstantiated - Registering beans for JMX exposure on startup
12-10-2018 14:19:12.102 [main] INFO  o.s.c.s.DefaultLifecycleProcessor.start - Starting beans in phase 2147483647
12-10-2018 14:19:12.103 [main] INFO  s.d.s.w.p.DocumentationPluginsBootstrapper.start - Context refreshed
12-10-2018 14:19:12.166 [main] INFO  s.d.s.w.p.DocumentationPluginsBootstrapper.start - Found 1 custom documentation plugin(s)
12-10-2018 14:19:12.216 [main] INFO  s.d.s.w.s.ApiListingReferenceScanner.scan - Scanning for api listing references
12-10-2018 14:19:12.590 [main] INFO  o.s.b.w.e.tomcat.TomcatWebServer.start - Tomcat started on port(s): 8080 (http) with context path ''
12-10-2018 14:19:12.615 [main] INFO  c.stackroute.movie.MovieApplication.logStarted - Started MovieApplication in 15.903 seconds (JVM running for 20.284)
12-10-2018 14:20:21.992 [http-nio-8080-exec-1] INFO  o.a.c.c.C.[Tomcat].[localhost].[/].log - Initializing Spring FrameworkServlet 'dispatcherServlet'
12-10-2018 14:20:22.633 [http-nio-8080-exec-1] INFO  org.mongodb.driver.connection.info - Opened connection [connectionId{localValue:2, serverValue:38}] to localhost:27017
12-10-2018 14:22:16.928 [Thread-2] INFO  o.s.b.w.s.c.AnnotationConfigServletWebServerApplicationContext.doClose - Closing org.springframework.boot.web.servlet.context.AnnotationConfigServletWebServerApplicationContext@1ec9bd38: startup date [Fri Oct 12 14:19:00 IST 2018]; root of context hierarchy
12-10-2018 14:22:16.932 [Thread-2] INFO  o.s.c.s.DefaultLifecycleProcessor.stop - Stopping beans in phase 2147483647
12-10-2018 14:22:16.936 [Thread-2] INFO  o.s.j.e.a.AnnotationMBeanExporter.destroy - Unregistering JMX-exposed beans on shutdown
12-10-2018 14:22:16.940 [Thread-2] INFO  org.mongodb.driver.connection.info - Closed connection [connectionId{localValue:2, serverValue:38}] to localhost:27017 because the pool has been closed.
